<?xml version="1.0" encoding="UTF-8"?>
<!-- Generated by org.testng.reporters.JUnitReportReporter -->
<testsuite hostname="IM-PC-219" name="actionKeyword.ActionsKeyword" tests="1" failures="0" timestamp="6 Feb 2019 06:21:55 GMT" time="38.576" errors="0">
  <testcase name="login" time="38.576" classname="actionKeyword.ActionsKeyword"/>
</testsuite> <!-- actionKeyword.ActionsKeyword -->
