<?xml version="1.0" encoding="UTF-8"?>
<!-- Generated by org.testng.reporters.JUnitReportReporter -->
<testsuite hostname="IM-PC-219" name="basePackage.BrowserManager" tests="1" failures="0" timestamp="24 Jan 2019 10:09:36 GMT" time="9.386" errors="0">
  <testcase name="setUp" time="9.386" classname="basePackage.BrowserManager"/>
</testsuite> <!-- basePackage.BrowserManager -->
